2017-11-29 12:02:28,803 INFO  [SWSProject] This is an info message. 
2017-12-02 20:03:21,406 INFO  [SWSProject] This is an info message. 
2017-12-02 20:15:46,474 INFO  [SWSProject] This is an info message. 
2017-12-02 20:16:50,119 INFO  [HomeInterface] This is the time 
2017-12-02 20:33:07,273 INFO  [SWSProject] This is an info message. 
2017-12-02 20:33:22,813 INFO  [HomeInterface] The user selects grass as surface 
2017-12-02 20:33:22,829 INFO  [HomeInterface] The user selects grass as surface 
2017-12-02 20:35:08,795 INFO  [HomeInterface] The user selects the roof as a surface 
2017-12-02 20:35:58,272 INFO  [SWSProject] This is an info message. 
2017-12-02 20:37:03,507 INFO  [SWSProject] This is an info message. 
2017-12-02 20:48:49,981 INFO  [SWSProject] This is an info message. 
2017-12-02 20:49:43,694 INFO  [SWSProject] This is an info message. 
2017-12-02 20:49:46,976 INFO  [HomeInterface] The user selects grass as surface 
2017-12-02 20:49:59,217 INFO  [HomeInterface] The user selects the roof as a surface 
2017-12-02 20:50:14,355 INFO  [HomeInterface] The user selects the asphalt surface 
2017-12-02 20:50:46,756 INFO  [HomeInterface] This is the simulation run time 
2017-12-02 20:50:46,756 INFO  [HomeInterface] This is rain amount 
2017-12-02 20:50:46,756 INFO  [HomeInterface] The time that remained 
2017-12-04 19:49:25,497 INFO  [SWSProject] This is an info message. 
2017-12-05 18:18:16,216 INFO  [SWSProject] This is an info message. 
2017-12-05 18:18:21,365 INFO  [HomeInterface] The user selects grass as surface 
2017-12-05 18:19:34,744 INFO  [SWSProject] This is an info message. 
2017-12-05 18:19:42,820 INFO  [HomeInterface] The user selects grass as surface 
2017-12-05 18:20:32,396 INFO  [SWSProject] This is an info message. 
2017-12-05 18:20:34,219 INFO  [HomeInterface] The user selects the asphalt surface 
2017-12-05 19:22:37,857 INFO  [SWSProject] This is an info message. 
2017-12-05 19:22:39,208 INFO  [HomeInterface] The user selects grass as surface 
2017-12-05 19:59:47,061 INFO  [SWSProject] This is an info message. 
2017-12-05 20:00:02,161 INFO  [SWSProject] This is an info message. 
2017-12-05 20:11:50,901 INFO  [SWSProject] This is an info message. 
2017-12-05 20:11:52,318 INFO  [HomeInterface] The user selects grass as surface 
2017-12-05 20:11:59,613 INFO  [HomeInterface] This is the simulation run time 
2017-12-05 20:11:59,613 INFO  [HomeInterface] This is rain amount 
2017-12-05 20:11:59,613 INFO  [HomeInterface] The time that remained 
2017-12-05 20:14:13,221 INFO  [SWSProject] This is an info message. 
2017-12-05 20:14:14,845 INFO  [HomeInterface] The user selects grass as surface 
2017-12-05 20:14:23,365 INFO  [HomeInterface] This is the simulation run time 
2017-12-05 20:14:23,365 INFO  [HomeInterface] This is rain amount 
2017-12-05 20:14:23,365 INFO  [HomeInterface] The time that remained 
2017-12-05 20:16:02,399 INFO  [SWSProject] This is an info message. 
2017-12-05 20:16:11,157 INFO  [HomeInterface] The user selects grass as surface 
2017-12-05 20:16:20,028 INFO  [HomeInterface] This is the simulation run time 
2017-12-05 20:16:20,028 INFO  [HomeInterface] This is rain amount 
2017-12-05 20:16:20,028 INFO  [HomeInterface] The time that remained 
2017-12-05 20:17:36,241 INFO  [SWSProject] This is an info message. 
2017-12-05 20:17:37,444 INFO  [HomeInterface] The user selects grass as surface 
2017-12-05 20:17:46,301 INFO  [HomeInterface] This is the simulation run time 
2017-12-05 20:17:46,301 INFO  [HomeInterface] This is rain amount 
2017-12-05 20:17:46,301 INFO  [HomeInterface] The time that remained 
